<?xml version="1.0" encoding="UTF-8"?>
<!-- Generated by org.testng.reporters.JUnitReportReporter -->
<testsuite hostname="PC-PC" failures="0" tests="1" name="com.com.javabykiran.NewTest" time="2.920" errors="0" timestamp="2021-06-08T23:06:34 IST" skipped="0">
  <testcase classname="com.com.javabykiran.NewTest" name="a" time="2.920"/>
  <system-out/>
</testsuite> <!-- com.com.javabykiran.NewTest -->
