<?xml version="1.0" encoding="UTF-8"?>
<!-- Generated by org.testng.reporters.JUnitReportReporter -->
<testsuite hostname="PC-PC" failures="0" tests="1" name="com.com.javabykiran.UserPage" time="6.198" errors="0" timestamp="2021-06-22T00:03:44 IST" skipped="0">
  <testcase classname="com.com.javabykiran.UserPage" name="printUsersFromMaharashtra" time="6.198"/>
  <system-out/>
</testsuite> <!-- com.com.javabykiran.UserPage -->
