<?xml version="1.0" encoding="UTF-8"?>
<!-- Generated by org.testng.reporters.JUnitReportReporter -->
<testsuite hostname="PC-PC" failures="0" tests="1" name="com.com.javabykiran.MembershipPage" time="4.645" errors="0" timestamp="2021-06-15T15:06:31 IST" skipped="0">
  <testcase classname="com.com.javabykiran.MembershipPage" name="verifyBlankName" time="4.645"/>
  <system-out/>
</testsuite> <!-- com.com.javabykiran.MembershipPage -->
