<?xml version="1.0" encoding="UTF-8"?>
<!-- Generated by org.testng.reporters.JUnitReportReporter -->
<testsuite hostname="PC-PC" failures="0" tests="1" name="com.com.javabykiran.LoginPage" time="3.587" errors="0" timestamp="2021-06-14T22:56:29 IST" skipped="0">
  <testcase classname="com.com.javabykiran.LoginPage" name="verifyMemberLink" time="3.587"/>
  <system-out/>
</testsuite> <!-- com.com.javabykiran.LoginPage -->
