<?xml version="1.0" encoding="UTF-8"?>
<!-- Generated by org.testng.reporters.JUnitReportReporter -->
<testsuite hostname="PC-PC" failures="0" tests="10" name="com.com.javabykiran.DashboardPage" time="40.158" errors="0" timestamp="2021-06-12T22:33:56 IST" skipped="0">
  <testcase classname="com.com.javabykiran.DashboardPage" name="verifySubCourses" time="3.267"/>
  <system-out/>
  <testcase classname="com.com.javabykiran.DashboardPage" name="verifyDashboardMenus" time="4.780"/>
  <system-out/>
  <testcase classname="com.com.javabykiran.DashboardPage" name="verifyLogOutBtn" time="3.380"/>
  <system-out/>
  <testcase classname="com.com.javabykiran.DashboardPage" name="verifyTextofMainNavigation" time="3.138"/>
  <system-out/>
  <testcase classname="com.com.javabykiran.DashboardPage" name="verifyDashboardTableLabel" time="3.246"/>
  <system-out/>
  <testcase classname="com.com.javabykiran.DashboardPage" name="verifymoreinfo" time="5.026"/>
  <system-out/>
  <testcase classname="com.com.javabykiran.DashboardPage" name="verifyLogoutsuccessful" time="7.683"/>
  <system-out/>
  <testcase classname="com.com.javabykiran.DashboardPage" name="verifyCourses" time="3.314"/>
  <system-out/>
  <testcase classname="com.com.javabykiran.DashboardPage" name="verifyTitle" time="3.126"/>
  <system-out/>
  <testcase classname="com.com.javabykiran.DashboardPage" name="verifyText" time="3.198"/>
  <system-out/>
</testsuite> <!-- com.com.javabykiran.DashboardPage -->
